<?xml version="1.0" encoding="UTF-8"?>
<!-- Generated by org.testng.reporters.JUnitReportReporter -->
<testsuite hostname="DESKTOP-06RSO18" failures="0" tests="1" name="test.Regtest" time="17.613" errors="0" timestamp="2024-11-11T23:41:48 IST" skipped="0">
  <testcase classname="test.Regtest" name="regtest" time="17.613"/>
  <system-out/>
</testsuite> <!-- test.Regtest -->
