<?xml version="1.0" encoding="UTF-8"?>
<!-- Generated by org.testng.reporters.JUnitReportReporter -->
<testsuite hostname="DESKTOP-06RSO18" failures="0" tests="1" name="test.Logintest" time="108.680" errors="0" timestamp="2024-11-16T23:49:00 IST" skipped="0">
  <testcase classname="test.Logintest" name="verifylogin" time="108.680"/>
  <system-out/>
</testsuite> <!-- test.Logintest -->
