<?xml version="1.0" encoding="UTF-8"?>
<!-- Generated by org.testng.reporters.JUnitReportReporter -->
<testsuite hostname="DESKTOP-06RSO18" failures="0" tests="1" name="testpackage.Logintest" time="25.372" errors="0" timestamp="2024-11-16T21:08:10 IST" skipped="0">
  <testcase classname="testpackage.Logintest" name="logintest" time="25.372"/>
  <system-out/>
</testsuite> <!-- testpackage.Logintest -->
